[debug] [2020-05-27T12:41:39.005Z] ----------------------------------------------------------------------
[debug] [2020-05-27T12:41:39.007Z] Command:       C:\Program Files\nodejs\node.exe C:\Users\Marco\AppData\Roaming\npm\node_modules\firebase-tools\lib\bin\firebase.js serve
[debug] [2020-05-27T12:41:39.008Z] CLI Version:   8.4.0
[debug] [2020-05-27T12:41:39.008Z] Platform:      win32
[debug] [2020-05-27T12:41:39.008Z] Node Version:  v14.3.0
[debug] [2020-05-27T12:41:39.009Z] Time:          Wed May 27 2020 20:41:39 GMT+0800 (香港標準時間)
[debug] [2020-05-27T12:41:39.010Z] ----------------------------------------------------------------------
[debug] [2020-05-27T12:41:39.010Z] 
[debug] [2020-05-27T12:41:39.021Z] > command requires scopes: ["email","openid","https://www.googleapis.com/auth/cloudplatformprojects.readonly","https://www.googleapis.com/auth/firebase","https://www.googleapis.com/auth/cloud-platform"]
[debug] [2020-05-27T12:41:39.021Z] > authorizing via signed-in user
[debug] [2020-05-27T12:41:39.022Z] [iam] checking project learning-system-01 for permissions ["firebase.projects.get"]
[debug] [2020-05-27T12:41:39.026Z] >>> HTTP REQUEST POST https://cloudresourcemanager.googleapis.com/v1/projects/learning-system-01:testIamPermissions  
 {"permissions":["firebase.projects.get"]}
[debug] [2020-05-27T12:41:39.928Z] <<< HTTP RESPONSE 200 {"content-type":"application/json; charset=UTF-8","vary":"X-Origin, Referer, Origin,Accept-Encoding","date":"Wed, 27 May 2020 12:41:40 GMT","server":"ESF","cache-control":"private","x-xss-protection":"0","x-frame-options":"SAMEORIGIN","x-content-type-options":"nosniff","server-timing":"gfet4t7; dur=824","alt-svc":"h3-27=\":443\"; ma=2592000,h3-25=\":443\"; ma=2592000,h3-T050=\":443\"; ma=2592000,h3-Q050=\":443\"; ma=2592000,h3-Q049=\":443\"; ma=2592000,h3-Q048=\":443\"; ma=2592000,h3-Q046=\":443\"; ma=2592000,h3-Q043=\":443\"; ma=2592000,quic=\":443\"; ma=2592000; v=\"46,43\"","accept-ranges":"none","transfer-encoding":"chunked"}
[debug] [2020-05-27T12:41:39.930Z] >>> HTTP REQUEST GET https://firebase.googleapis.com/v1beta1/projects/learning-system-01  
 
[debug] [2020-05-27T12:41:40.184Z] <<< HTTP RESPONSE 200 {"content-type":"application/json; charset=UTF-8","vary":"X-Origin, Referer, Origin,Accept-Encoding","date":"Wed, 27 May 2020 12:41:40 GMT","server":"ESF","cache-control":"private","x-xss-protection":"0","x-frame-options":"SAMEORIGIN","x-content-type-options":"nosniff","alt-svc":"h3-27=\":443\"; ma=2592000,h3-25=\":443\"; ma=2592000,h3-T050=\":443\"; ma=2592000,h3-Q050=\":443\"; ma=2592000,h3-Q049=\":443\"; ma=2592000,h3-Q048=\":443\"; ma=2592000,h3-Q046=\":443\"; ma=2592000,h3-Q043=\":443\"; ma=2592000,quic=\":443\"; ma=2592000; v=\"46,43\"","accept-ranges":"none","transfer-encoding":"chunked"}
[info] 
[info] === Serving from 'C:\Users\Marco\Desktop\Learn_System'...
[info] 
[debug] [2020-05-27T12:41:40.192Z] >>> HTTP REQUEST GET https://firebase.googleapis.com/v1beta1/projects/learning-system-01/webApps/-/config  
 
[debug] [2020-05-27T12:41:41.471Z] <<< HTTP RESPONSE 200 {"content-type":"application/json; charset=UTF-8","vary":"X-Origin, Referer, Origin,Accept-Encoding","date":"Wed, 27 May 2020 12:41:42 GMT","server":"ESF","cache-control":"private","x-xss-protection":"0","x-frame-options":"SAMEORIGIN","x-content-type-options":"nosniff","alt-svc":"h3-27=\":443\"; ma=2592000,h3-25=\":443\"; ma=2592000,h3-T050=\":443\"; ma=2592000,h3-Q050=\":443\"; ma=2592000,h3-Q049=\":443\"; ma=2592000,h3-Q048=\":443\"; ma=2592000,h3-Q046=\":443\"; ma=2592000,h3-Q043=\":443\"; ma=2592000,quic=\":443\"; ma=2592000; v=\"46,43\"","accept-ranges":"none","transfer-encoding":"chunked"}
[info] i  hosting: Serving hosting files from: public {"metadata":{"emulator":{"name":"hosting"},"message":"Serving hosting files from: \u001b[1mpublic\u001b[22m"}}
[info] +  hosting: Local server: http://localhost:5000 {"metadata":{"emulator":{"name":"hosting"},"message":"Local server: \u001b[4m\u001b[1mhttp://localhost:5000\u001b[22m\u001b[24m"}}
